::1 - - [27/Dec/2020:08:08:48 +0000] "GET /cookie.html HTTP/1.1" 200 222 "-" "Mozilla/5.0 (Macintosh; Intel Mac OS X 10_15_7) AppleWebKit/605.1.15 (KHTML, like Gecko) Version/14.0.1 Safari/605.1.15"
::1 - - [27/Dec/2020:08:08:48 +0000] "GET /apple-touch-icon-precomposed.png HTTP/1.1" 404 45 "-" "Safari/15610.2.11.51.10 CFNetwork/1128.0.1 Darwin/19.6.0 (x86_64)"
::1 - - [27/Dec/2020:08:08:48 +0000] "GET /apple-touch-icon.png HTTP/1.1" 404 45 "-" "Safari/15610.2.11.51.10 CFNetwork/1128.0.1 Darwin/19.6.0 (x86_64)"
::1 - - [27/Dec/2020:08:08:50 +0000] "GET / HTTP/1.1" 200 168 "http://localhost:3000/cookie.html" "Mozilla/5.0 (Macintosh; Intel Mac OS X 10_15_7) AppleWebKit/605.1.15 (KHTML, like Gecko) Version/14.0.1 Safari/605.1.15"
::1 - - [27/Dec/2020:08:08:58 +0000] "GET / HTTP/1.1" 200 168 "-" "Mozilla/5.0 (Macintosh; Intel Mac OS X 10_15_7) AppleWebKit/537.36 (KHTML, like Gecko) Chrome/87.0.4280.88 Safari/537.36"
::1 - - [27/Dec/2020:08:08:58 +0000] "GET /favicon.ico HTTP/1.1" 404 45 "http://localhost:3000/" "Mozilla/5.0 (Macintosh; Intel Mac OS X 10_15_7) AppleWebKit/537.36 (KHTML, like Gecko) Chrome/87.0.4280.88 Safari/537.36"
::1 - - [27/Dec/2020:08:09:12 +0000] "GET / HTTP/1.1" 200 171 "-" "Mozilla/5.0 (Macintosh; Intel Mac OS X 10_15_7) AppleWebKit/537.36 (KHTML, like Gecko) Chrome/87.0.4280.88 Safari/537.36"
::1 - - [27/Dec/2020:08:09:18 +0000] "GET / HTTP/1.1" 200 168 "-" "Mozilla/5.0 (Macintosh; Intel Mac OS X 10_15_7) AppleWebKit/537.36 (KHTML, like Gecko) Chrome/87.0.4280.88 Safari/537.36"
::1 - - [27/Dec/2020:08:09:39 +0000] "GET / HTTP/1.1" 200 168 "http://localhost:3000/cookie.html" "Mozilla/5.0 (Macintosh; Intel Mac OS X 10_15_7) AppleWebKit/605.1.15 (KHTML, like Gecko) Version/14.0.1 Safari/605.1.15"
::1 - - [27/Dec/2020:08:09:41 +0000] "GET / HTTP/1.1" 200 168 "http://localhost:3000/cookie.html" "Mozilla/5.0 (Macintosh; Intel Mac OS X 10_15_7) AppleWebKit/605.1.15 (KHTML, like Gecko) Version/14.0.1 Safari/605.1.15"
::1 - - [27/Dec/2020:08:10:35 +0000] "GET /cookie.html HTTP/1.1" 304 - "-" "Mozilla/5.0 (Macintosh; Intel Mac OS X 10_15_7) AppleWebKit/605.1.15 (KHTML, like Gecko) Version/14.0.1 Safari/605.1.15"
::1 - - [27/Dec/2020:08:10:48 +0000] "GET / HTTP/1.1" 200 171 "-" "Mozilla/5.0 (Macintosh; Intel Mac OS X 10_15_7) AppleWebKit/537.36 (KHTML, like Gecko) Chrome/87.0.4280.88 Safari/537.36"
::1 - - [27/Dec/2020:08:10:58 +0000] "GET / HTTP/1.1" 200 168 "-" "Mozilla/5.0 (Macintosh; Intel Mac OS X 10_15_7) AppleWebKit/537.36 (KHTML, like Gecko) Chrome/87.0.4280.88 Safari/537.36"
::1 - - [27/Dec/2020:08:12:15 +0000] "GET / HTTP/1.1" 304 - "-" "Mozilla/5.0 (Macintosh; Intel Mac OS X 10_15_7) AppleWebKit/537.36 (KHTML, like Gecko) Chrome/87.0.4280.88 Safari/537.36"
::1 - - [27/Dec/2020:08:12:17 +0000] "GET / HTTP/1.1" 304 - "-" "Mozilla/5.0 (Macintosh; Intel Mac OS X 10_15_7) AppleWebKit/537.36 (KHTML, like Gecko) Chrome/87.0.4280.88 Safari/537.36"
::1 - - [27/Dec/2020:08:14:28 +0000] "GET /cookie.html HTTP/1.1" 200 222 "-" "Mozilla/5.0 (Macintosh; Intel Mac OS X 10_15_7) AppleWebKit/605.1.15 (KHTML, like Gecko) Version/14.0.1 Safari/605.1.15"
::1 - - [27/Dec/2020:08:14:31 +0000] "GET /cookie.html HTTP/1.1" 200 222 "-" "Mozilla/5.0 (Macintosh; Intel Mac OS X 10_15_7) AppleWebKit/605.1.15 (KHTML, like Gecko) Version/14.0.1 Safari/605.1.15"
::1 - - [27/Dec/2020:08:14:33 +0000] "GET / HTTP/1.1" 304 - "http://localhost:3000/cookie.html" "Mozilla/5.0 (Macintosh; Intel Mac OS X 10_15_7) AppleWebKit/605.1.15 (KHTML, like Gecko) Version/14.0.1 Safari/605.1.15"
::1 - - [27/Dec/2020:08:14:39 +0000] "GET / HTTP/1.1" 304 - "-" "Mozilla/5.0 (Macintosh; Intel Mac OS X 10_15_7) AppleWebKit/537.36 (KHTML, like Gecko) Chrome/87.0.4280.88 Safari/537.36"
::1 - - [27/Dec/2020:08:14:49 +0000] "GET / HTTP/1.1" 200 171 "-" "Mozilla/5.0 (Macintosh; Intel Mac OS X 10_15_7) AppleWebKit/537.36 (KHTML, like Gecko) Chrome/87.0.4280.88 Safari/537.36"
::1 - - [27/Dec/2020:08:14:54 +0000] "GET / HTTP/1.1" 200 168 "-" "Mozilla/5.0 (Macintosh; Intel Mac OS X 10_15_7) AppleWebKit/537.36 (KHTML, like Gecko) Chrome/87.0.4280.88 Safari/537.36"
::1 - - [27/Dec/2020:08:16:02 +0000] "GET / HTTP/1.1" 200 171 "-" "Mozilla/5.0 (Macintosh; Intel Mac OS X 10_15_7) AppleWebKit/537.36 (KHTML, like Gecko) Chrome/87.0.4280.88 Safari/537.36"
::1 - - [27/Dec/2020:08:17:30 +0000] "GET / HTTP/1.1" 304 - "-" "Mozilla/5.0 (Macintosh; Intel Mac OS X 10_15_7) AppleWebKit/537.36 (KHTML, like Gecko) Chrome/87.0.4280.88 Safari/537.36"
::1 - - [27/Dec/2020:08:17:34 +0000] "GET / HTTP/1.1" 200 168 "-" "Mozilla/5.0 (Macintosh; Intel Mac OS X 10_15_7) AppleWebKit/537.36 (KHTML, like Gecko) Chrome/87.0.4280.88 Safari/537.36"
::1 - - [27/Dec/2020:08:18:01 +0000] "GET / HTTP/1.1" 200 171 "-" "Mozilla/5.0 (Macintosh; Intel Mac OS X 10_15_7) AppleWebKit/537.36 (KHTML, like Gecko) Chrome/87.0.4280.88 Safari/537.36"
::1 - - [31/Dec/2020:12:39:48 +0000] "GET /cookie.html HTTP/1.1" 304 - "-" "Mozilla/5.0 (Macintosh; Intel Mac OS X 10_15_7) AppleWebKit/605.1.15 (KHTML, like Gecko) Version/14.0.1 Safari/605.1.15"
::1 - - [31/Dec/2020:12:39:48 +0000] "GET /apple-touch-icon-precomposed.png HTTP/1.1" 404 45 "-" "Safari/15610.2.11.51.10 CFNetwork/1128.0.1 Darwin/19.6.0 (x86_64)"
::1 - - [31/Dec/2020:12:39:48 +0000] "GET /apple-touch-icon.png HTTP/1.1" 404 45 "-" "Safari/15610.2.11.51.10 CFNetwork/1128.0.1 Darwin/19.6.0 (x86_64)"
::1 - - [31/Dec/2020:12:39:48 +0000] "GET /favicon.ico HTTP/1.1" 404 45 "http://localhost:3000/cookie.html" "Mozilla/5.0 (Macintosh; Intel Mac OS X 10_15_7) AppleWebKit/605.1.15 (KHTML, like Gecko) Version/14.0.1 Safari/605.1.15"
::1 - - [31/Dec/2020:12:41:54 +0000] "GET / HTTP/1.1" 304 - "http://localhost:3000/cookie.html" "Mozilla/5.0 (Macintosh; Intel Mac OS X 10_15_7) AppleWebKit/605.1.15 (KHTML, like Gecko) Version/14.0.1 Safari/605.1.15"
::1 - - [31/Dec/2020:12:41:58 +0000] "GET /favicon.ico HTTP/1.1" 404 45 "http://localhost:3000/" "Mozilla/5.0 (Macintosh; Intel Mac OS X 10_15_7) AppleWebKit/605.1.15 (KHTML, like Gecko) Version/14.0.1 Safari/605.1.15"
::1 - - [13/Dec/2021:08:46:43 +0000] "GET /cookie.html HTTP/1.1" 200 222 "-" "Mozilla/5.0 (Macintosh; Intel Mac OS X 10_15_7) AppleWebKit/537.36 (KHTML, like Gecko) Chrome/96.0.4664.93 Safari/537.36"
::1 - - [13/Dec/2021:08:46:45 +0000] "GET / HTTP/1.1" 200 168 "http://localhost:3000/cookie.html" "Mozilla/5.0 (Macintosh; Intel Mac OS X 10_15_7) AppleWebKit/537.36 (KHTML, like Gecko) Chrome/96.0.4664.93 Safari/537.36"
::1 - - [13/Dec/2021:08:46:47 +0000] "GET / HTTP/1.1" 304 - "http://localhost:3000/cookie.html" "Mozilla/5.0 (Macintosh; Intel Mac OS X 10_15_7) AppleWebKit/537.36 (KHTML, like Gecko) Chrome/96.0.4664.93 Safari/537.36"
::1 - - [13/Dec/2021:08:46:50 +0000] "GET / HTTP/1.1" 304 - "http://localhost:3000/cookie.html" "Mozilla/5.0 (Macintosh; Intel Mac OS X 10_15_7) AppleWebKit/537.36 (KHTML, like Gecko) Chrome/96.0.4664.93 Safari/537.36"
::1 - - [13/Dec/2021:08:56:05 +0000] "GET / HTTP/1.1" 200 171 "http://localhost:3000/cookie.html" "Mozilla/5.0 (Macintosh; Intel Mac OS X 10_15_7) AppleWebKit/537.36 (KHTML, like Gecko) Chrome/96.0.4664.93 Safari/537.36"
::1 - - [14/Dec/2021:07:09:12 +0000] "GET /cookie.html HTTP/1.1" 304 - "-" "Mozilla/5.0 (Macintosh; Intel Mac OS X 10_15_7) AppleWebKit/537.36 (KHTML, like Gecko) Chrome/96.0.4664.93 Safari/537.36"
::1 - - [14/Dec/2021:07:09:12 +0000] "GET /favicon.ico HTTP/1.1" 404 45 "http://localhost:3000/cookie.html" "Mozilla/5.0 (Macintosh; Intel Mac OS X 10_15_7) AppleWebKit/537.36 (KHTML, like Gecko) Chrome/96.0.4664.93 Safari/537.36"
::1 - - [14/Dec/2021:07:09:15 +0000] "GET / HTTP/1.1" 200 171 "http://localhost:3000/cookie.html" "Mozilla/5.0 (Macintosh; Intel Mac OS X 10_15_7) AppleWebKit/537.36 (KHTML, like Gecko) Chrome/96.0.4664.93 Safari/537.36"
::1 - - [14/Dec/2021:07:09:18 +0000] "GET / HTTP/1.1" 200 168 "http://localhost:3000/cookie.html" "Mozilla/5.0 (Macintosh; Intel Mac OS X 10_15_7) AppleWebKit/537.36 (KHTML, like Gecko) Chrome/96.0.4664.93 Safari/537.36"
::1 - - [14/Dec/2021:07:09:30 +0000] "GET / HTTP/1.1" 200 171 "http://localhost:3000/cookie.html" "Mozilla/5.0 (Macintosh; Intel Mac OS X 10_15_7) AppleWebKit/537.36 (KHTML, like Gecko) Chrome/96.0.4664.93 Safari/537.36"
::1 - - [14/Dec/2021:07:09:40 +0000] "GET / HTTP/1.1" 200 168 "-" "Mozilla/5.0 (Macintosh; Intel Mac OS X 10_15_7) AppleWebKit/537.36 (KHTML, like Gecko) Chrome/96.0.4664.93 Safari/537.36"
::1 - - [14/Dec/2021:11:26:24 +0000] "GET /cookie.html HTTP/1.1" 304 - "-" "Mozilla/5.0 (Macintosh; Intel Mac OS X 10_15_7) AppleWebKit/537.36 (KHTML, like Gecko) Chrome/96.0.4664.93 Safari/537.36"
::1 - - [14/Dec/2021:11:26:35 +0000] "GET / HTTP/1.1" 200 171 "http://localhost:3000/cookie.html" "Mozilla/5.0 (Macintosh; Intel Mac OS X 10_15_7) AppleWebKit/537.36 (KHTML, like Gecko) Chrome/96.0.4664.93 Safari/537.36"
::1 - - [14/Dec/2021:11:26:46 +0000] "GET / HTTP/1.1" 304 - "http://localhost:3000/cookie.html" "Mozilla/5.0 (Macintosh; Intel Mac OS X 10_15_7) AppleWebKit/537.36 (KHTML, like Gecko) Chrome/96.0.4664.93 Safari/537.36"
::1 - - [14/Dec/2021:11:26:47 +0000] "GET / HTTP/1.1" 200 168 "http://localhost:3000/cookie.html" "Mozilla/5.0 (Macintosh; Intel Mac OS X 10_15_7) AppleWebKit/537.36 (KHTML, like Gecko) Chrome/96.0.4664.93 Safari/537.36"
::1 - - [14/Dec/2021:11:26:48 +0000] "GET / HTTP/1.1" 304 - "http://localhost:3000/cookie.html" "Mozilla/5.0 (Macintosh; Intel Mac OS X 10_15_7) AppleWebKit/537.36 (KHTML, like Gecko) Chrome/96.0.4664.93 Safari/537.36"
::1 - - [14/Dec/2021:11:26:51 +0000] "GET / HTTP/1.1" 304 - "http://localhost:3000/cookie.html" "Mozilla/5.0 (Macintosh; Intel Mac OS X 10_15_7) AppleWebKit/537.36 (KHTML, like Gecko) Chrome/96.0.4664.93 Safari/537.36"
::1 - - [14/Dec/2021:11:27:13 +0000] "GET / HTTP/1.1" 200 171 "-" "Mozilla/5.0 (Macintosh; Intel Mac OS X 10_15_7) AppleWebKit/537.36 (KHTML, like Gecko) Chrome/96.0.4664.93 Safari/537.36"
::1 - - [14/Dec/2021:11:27:24 +0000] "GET / HTTP/1.1" 304 - "-" "Mozilla/5.0 (Macintosh; Intel Mac OS X 10_15_7) AppleWebKit/537.36 (KHTML, like Gecko) Chrome/96.0.4664.93 Safari/537.36"
::1 - - [14/Dec/2021:11:27:26 +0000] "GET / HTTP/1.1" 200 168 "-" "Mozilla/5.0 (Macintosh; Intel Mac OS X 10_15_7) AppleWebKit/537.36 (KHTML, like Gecko) Chrome/96.0.4664.93 Safari/537.36"
::1 - - [15/Dec/2021:11:53:14 +0000] "GET /cookie.html HTTP/1.1" 304 - "-" "Mozilla/5.0 (Macintosh; Intel Mac OS X 10_15_7) AppleWebKit/537.36 (KHTML, like Gecko) Chrome/96.0.4664.110 Safari/537.36"
::1 - - [15/Dec/2021:11:53:19 +0000] "GET / HTTP/1.1" 200 171 "http://localhost:3000/cookie.html" "Mozilla/5.0 (Macintosh; Intel Mac OS X 10_15_7) AppleWebKit/537.36 (KHTML, like Gecko) Chrome/96.0.4664.110 Safari/537.36"
::1 - - [15/Dec/2021:11:53:23 +0000] "GET / HTTP/1.1" 200 168 "http://localhost:3000/cookie.html" "Mozilla/5.0 (Macintosh; Intel Mac OS X 10_15_7) AppleWebKit/537.36 (KHTML, like Gecko) Chrome/96.0.4664.110 Safari/537.36"
::1 - - [15/Dec/2021:11:53:38 +0000] "GET / HTTP/1.1" 200 171 "http://localhost:3000/cookie.html" "Mozilla/5.0 (Macintosh; Intel Mac OS X 10_15_7) AppleWebKit/537.36 (KHTML, like Gecko) Chrome/96.0.4664.110 Safari/537.36"
::1 - - [15/Dec/2021:11:53:48 +0000] "GET / HTTP/1.1" 200 168 "http://localhost:3000/cookie.html" "Mozilla/5.0 (Macintosh; Intel Mac OS X 10_15_7) AppleWebKit/537.36 (KHTML, like Gecko) Chrome/96.0.4664.110 Safari/537.36"
::1 - - [15/Dec/2021:11:53:49 +0000] "GET / HTTP/1.1" 200 171 "http://localhost:3000/cookie.html" "Mozilla/5.0 (Macintosh; Intel Mac OS X 10_15_7) AppleWebKit/537.36 (KHTML, like Gecko) Chrome/96.0.4664.110 Safari/537.36"
::1 - - [15/Dec/2021:11:53:50 +0000] "GET / HTTP/1.1" 200 168 "http://localhost:3000/cookie.html" "Mozilla/5.0 (Macintosh; Intel Mac OS X 10_15_7) AppleWebKit/537.36 (KHTML, like Gecko) Chrome/96.0.4664.110 Safari/537.36"
::1 - - [15/Dec/2021:11:53:50 +0000] "GET / HTTP/1.1" 304 - "http://localhost:3000/cookie.html" "Mozilla/5.0 (Macintosh; Intel Mac OS X 10_15_7) AppleWebKit/537.36 (KHTML, like Gecko) Chrome/96.0.4664.110 Safari/537.36"
::1 - - [15/Dec/2021:11:53:50 +0000] "GET / HTTP/1.1" 304 - "http://localhost:3000/cookie.html" "Mozilla/5.0 (Macintosh; Intel Mac OS X 10_15_7) AppleWebKit/537.36 (KHTML, like Gecko) Chrome/96.0.4664.110 Safari/537.36"
::1 - - [15/Dec/2021:11:53:50 +0000] "GET / HTTP/1.1" 304 - "http://localhost:3000/cookie.html" "Mozilla/5.0 (Macintosh; Intel Mac OS X 10_15_7) AppleWebKit/537.36 (KHTML, like Gecko) Chrome/96.0.4664.110 Safari/537.36"
::1 - - [15/Dec/2021:11:53:51 +0000] "GET / HTTP/1.1" 304 - "http://localhost:3000/cookie.html" "Mozilla/5.0 (Macintosh; Intel Mac OS X 10_15_7) AppleWebKit/537.36 (KHTML, like Gecko) Chrome/96.0.4664.110 Safari/537.36"
::1 - - [15/Dec/2021:11:53:51 +0000] "GET / HTTP/1.1" 304 - "http://localhost:3000/cookie.html" "Mozilla/5.0 (Macintosh; Intel Mac OS X 10_15_7) AppleWebKit/537.36 (KHTML, like Gecko) Chrome/96.0.4664.110 Safari/537.36"
::1 - - [15/Dec/2021:11:53:51 +0000] "GET / HTTP/1.1" 304 - "http://localhost:3000/cookie.html" "Mozilla/5.0 (Macintosh; Intel Mac OS X 10_15_7) AppleWebKit/537.36 (KHTML, like Gecko) Chrome/96.0.4664.110 Safari/537.36"
::1 - - [15/Dec/2021:11:53:52 +0000] "GET / HTTP/1.1" 304 - "http://localhost:3000/cookie.html" "Mozilla/5.0 (Macintosh; Intel Mac OS X 10_15_7) AppleWebKit/537.36 (KHTML, like Gecko) Chrome/96.0.4664.110 Safari/537.36"
